<?xml version="1.0" encoding="UTF-8"?>
<!-- Generated by org.testng.reporters.JUnitXMLReporter -->
<testsuite hostname="LAPTOP-U4UK6RF1" ignored="0" name="smoketest" tests="5" failures="0" timestamp="2022-09-15T11:43:15 IST" time="20.822" errors="0">
  <testcase name="userLogin" time="4.377" classname="com.testcases.TC_01"/>
  <testcase name="validateUserCredentials" time="8.199" classname="com.testcases.TC_01"/>
  <testcase name="validateUserCredentials" time="4.141" classname="com.testcases.TC_01"/>
  <testcase name="validateUserCredentials" time="3.076" classname="com.testcases.TC_01"/>
  <testcase name="validateEmailId" time="0.55" classname="com.testcases.TC_01"/>
</testsuite> <!-- smoketest -->
